library/build/outputs/logs/manifest-merger-debug-report.txt
-- Merging decision tree log ---
manifest
ADDED from src/main/AndroidManifest.xml:1:1-24:12
INJECTED from src/main/AndroidManifest.xml:1:1-24:12
INJECTED from src/main/AndroidManifest.xml:1:1-24:12
INJECTED from src/main/AndroidManifest.xml:1:1-24:12
INJECTED from src/main/AndroidManifest.xml:1:1-24:12
INJECTED from src/main/AndroidManifest.xml:1:1-24:12
INJECTED from src/main/AndroidManifest.xml:1:1-24:12
	package
		ADDED from src/main/AndroidManifest.xml:2:5-40
		INJECTED from src/main/AndroidManifest.xml
		INJECTED from src/main/AndroidManifest.xml
	android:versionName
		INJECTED from src/main/AndroidManifest.xml
		ADDED from src/main/AndroidManifest.xml:1:1-24:12
		INJECTED from src/main/AndroidManifest.xml
	android:versionCode
		INJECTED from src/main/AndroidManifest.xml
		ADDED from src/main/AndroidManifest.xml:1:1-24:12
		INJECTED from src/main/AndroidManifest.xml
	xmlns:android
		ADDED from src/main/AndroidManifest.xml:1:11-69
uses-permission#android.permission.INTERNET
ADDED from src/main/AndroidManifest.xml:4:5-67
	android:name
		ADDED from src/main/AndroidManifest.xml:4:22-64
uses-permission#android.permission.WRITE_EXTERNAL_STORAGE
ADDED from src/main/AndroidManifest.xml:5:5-81
	android:name
		ADDED from src/main/AndroidManifest.xml:5:22-78
uses-permission#android.permission.READ_EXTERNAL_STORAGE
ADDED from src/main/AndroidManifest.xml:6:5-80
	android:name
		ADDED from src/main/AndroidManifest.xml:6:22-77
uses-permission#android.permission.ACCESS_NETWORK_STATE
ADDED from src/main/AndroidManifest.xml:7:5-79
	android:name
		ADDED from src/main/AndroidManifest.xml:7:22-76
uses-permission#android.permission.ACCESS_WIFI_STATE
ADDED from src/main/AndroidManifest.xml:8:5-76
	android:name
		ADDED from src/main/AndroidManifest.xml:8:22-73
application
ADDED from src/main/AndroidManifest.xml:10:5-23:19
service#com.green.kinsomy.downloader.DownloadService
ADDED from src/main/AndroidManifest.xml:11:9-22:19
	android:name
		ADDED from src/main/AndroidManifest.xml:11:18-77
intent-filter#com.green.kinsomy.downloader.caclealltask+com.green.kinsomy.downloader.cacletask+com.green.kinsomy.downloader.downtaskadd+com.green.kinsomy.downloader.multidowntaskadd+com.green.kinsomy.downloader.pausealltask+com.green.kinsomy.downloader.pausetask+com.green.kinsomy.downloader.resumestarttask+com.green.kinsomy.downloader.startalltask
ADDED from src/main/AndroidManifest.xml:12:13-21:29
action#com.green.kinsomy.downloader.downtaskadd
ADDED from src/main/AndroidManifest.xml:13:17-83
	android:name
		ADDED from src/main/AndroidManifest.xml:13:25-80
action#com.green.kinsomy.downloader.resumestarttask
ADDED from src/main/AndroidManifest.xml:14:17-87
	android:name
		ADDED from src/main/AndroidManifest.xml:14:25-84
action#com.green.kinsomy.downloader.startalltask
ADDED from src/main/AndroidManifest.xml:15:17-84
	android:name
		ADDED from src/main/AndroidManifest.xml:15:25-81
action#com.green.kinsomy.downloader.multidowntaskadd
ADDED from src/main/AndroidManifest.xml:16:17-88
	android:name
		ADDED from src/main/AndroidManifest.xml:16:25-85
action#com.green.kinsomy.downloader.pausetask
ADDED from src/main/AndroidManifest.xml:17:17-81
	android:name
		ADDED from src/main/AndroidManifest.xml:17:25-78
action#com.green.kinsomy.downloader.pausealltask
ADDED from src/main/AndroidManifest.xml:18:17-84
	android:name
		ADDED from src/main/AndroidManifest.xml:18:25-81
action#com.green.kinsomy.downloader.cacletask
ADDED from src/main/AndroidManifest.xml:19:17-81
	android:name
		ADDED from src/main/AndroidManifest.xml:19:25-78
action#com.green.kinsomy.downloader.caclealltask
ADDED from src/main/AndroidManifest.xml:20:17-84
	android:name
		ADDED from src/main/AndroidManifest.xml:20:25-81
uses-sdk
INJECTED from src/main/AndroidManifest.xml reason: use-sdk injection requested
INJECTED from src/main/AndroidManifest.xml
INJECTED from src/main/AndroidManifest.xml
INJECTED from src/main/AndroidManifest.xml
INJECTED from src/main/AndroidManifest.xml
	android:targetSdkVersion
		INJECTED from src/main/AndroidManifest.xml
		ADDED from src/main/AndroidManifest.xml
		INJECTED from src/main/AndroidManifest.xml
	android:minSdkVersion
		INJECTED from src/main/AndroidManifest.xml
		ADDED from src/main/AndroidManifest.xml
		INJECTED from src/main/AndroidManifest.xml